<?xml version="1.0" encoding="utf-8"?><testsuites name="pytest tests"><testsuite name="pytest" errors="0" failures="0" skipped="0" tests="6" time="1.529" timestamp="2026-07-09T16:16:21.461703+00:00" hostname="agent-env-84945ea1-b959-4961-877b-18602d1a1cf6"><testcase classname="tests.backend_test.TestStore" name="test_store_returns_200_and_demo_packages" time="0.442" /><testcase classname="tests.backend_test.TestBasketCreate" name="test_basket_create_returns_demo" time="0.458" /><testcase classname="tests.backend_test.TestStore" name="test_store_ids_are_demo_prefixed" time="0.244" /><testcase classname="tests.backend_test.TestBasketCreate" name="test_basket_create_validation_error" time="0.138" /><testcase classname="tests.backend_test.TestRoot" name="test_root" time="0.153" /><testcase classname="tests.backend_test.TestBasketAdd" name="test_basket_add_returns_clean_400_in_demo" time="0.356" /></testsuite></testsuites>