<?xml version="1.0" encoding="utf-8"?><testsuites name="pytest tests"><testsuite name="pytest" errors="0" failures="0" skipped="0" tests="6" time="1.669" timestamp="2026-07-09T16:27:54.006776+00:00" hostname="agent-env-84945ea1-b959-4961-877b-18602d1a1cf6"><testcase classname="tests.backend_test.TestBasketCreate" name="test_basket_create_live" time="0.673" /><testcase classname="tests.backend_test.TestStore" name="test_store_live_7_packages" time="0.616" /><testcase classname="tests.backend_test.TestStore" name="test_store_coin_price_map" time="0.342" /><testcase classname="tests.backend_test.TestBasketCreate" name="test_basket_create_validation_error" time="0.136" /><testcase classname="tests.backend_test.TestRoot" name="test_root" time="0.118" /><testcase classname="tests.backend_test.TestSidebar" name="test_sidebar_modules" time="0.253" /></testsuite></testsuites>